/Users/abhishekswami/Developer/SIH2/SehatConnet/backend-chatbot/chat_api.py:73: DeprecationWarning: 
        on_event is deprecated, use lifespan event handlers instead.

        Read more about it in the
        [FastAPI docs for Lifespan Events](https://fastapi.tiangolo.com/advanced/events/).
        
  @app.on_event("startup")
INFO:     Started server process [15748]
INFO:     Waiting for application startup.
INFO:     Application startup complete.
INFO:     Uvicorn running on http://0.0.0.0:8000 (Press CTRL+C to quit)
============================================================
🚀 Starting Sehat Medical Chatbot API v2.0
============================================================
📥 Loading sentence transformer model...
✅ Model loaded successfully!
📊 Checking for dataset...
✅ Dataset already available: /Users/abhishekswami/Developer/SIH2/SehatConnet/backend-chatbot/symptom2disease.csv
📊 Loading dataset from: /Users/abhishekswami/Developer/SIH2/SehatConnet/backend-chatbot/symptom2disease.csv
✅ Dataset loaded: 1200 records
🔄 Loading embeddings (cached if available)...
✅ Embeddings ready: (1200, 384)
============================================================
🎉 Server ready! API available at: http://0.0.0.0:8000
📖 API docs: http://0.0.0.0:8000/docs
💡 Dataset cached - fast restarts enabled!
============================================================
INFO:     172.28.33.249:49990 - "GET /health HTTP/1.1" 200 OK
INFO:     Shutting down
INFO:     Waiting for application shutdown.
INFO:     Application shutdown complete.
INFO:     Finished server process [15748]
